
> lost-found-frontend@1.0.0 build
> vite build

[2m11:51:20 am[22m [33m[1m[vite][22m[39m [33mwarning: `esbuild` option was specified by "vite:react-babel" plugin. This option is deprecated, please use `oxc` instead.[39m
`optimizeDeps.rollupOptions` / `ssr.optimizeDeps.rollupOptions` is deprecated. Use `optimizeDeps.rolldownOptions` instead. Note that this option may be set by a plugin. Set VITE_DEPRECATION_TRACE=1 to see where it is called.
[vite:react-babel] We recommend switching to `@vitejs/plugin-react-oxc` for improved performance. More information at https://vite.dev/rolldown
[36mvite v8.0.2 [32mbuilding client environment for production...[36m[39m
[2Ktransforming...✓ 2200 modules transformed.
[31m✗[39m Build failed in 124ms
[31merror during build:
[31mBuild failed with 2 errors:

[31m[builtin:vite-transform] Error:[0m Invalid Unicode escape sequence
     [38;5;246m╭[0m[38;5;246m─[0m[38;5;246m[[0m src/pages/Home.jsx:254:31 [38;5;246m][0m
     [38;5;246m│[0m
 [38;5;246m254 │[0m [38;5;249m [0m[38;5;249m [0m[38;5;249m [0m[38;5;249m [0m[38;5;249m [0m[38;5;249m [0m[38;5;249m [0m[38;5;249m [0m[38;5;249m [0m[38;5;249m [0m[38;5;249m [0m[38;5;249m [0m[38;5;249m [0m[38;5;249m [0m[38;5;249m [0m[38;5;249m [0m[38;5;249m [0m[38;5;249m [0m[38;5;249mb[0m[38;5;249mo[0m[38;5;249mx[0m[38;5;249mS[0m[38;5;249mh[0m[38;5;249ma[0m[38;5;249md[0m[38;5;249mo[0m[38;5;249mw[0m[38;5;249m:[0m[38;5;249m [0m[38;5;249m\[0m`[38;5;249m0[0m[38;5;249m [0m[38;5;249m1[0m[38;5;249m2[0m[38;5;249mp[0m[38;5;249mx[0m[38;5;249m [0m[38;5;249m3[0m[38;5;249m0[0m[38;5;249mp[0m[38;5;249mx[0m[38;5;249m [0m[38;5;249m\[0m[38;5;249m$[0m[38;5;249m{[0m[38;5;249mc[0m[38;5;249m.[0m[38;5;249mc[0m[38;5;249mo[0m[38;5;249ml[0m[38;5;249mo[0m[38;5;249mr[0m[38;5;249m}[0m[38;5;249m3[0m[38;5;249m3[0m[38;5;249m\[0m[38;5;249m`[0m[38;5;249m,[0m
 [38;5;240m    │[0m                               ┬  
 [38;5;240m    │[0m                               ╰── 
[38;5;246m─────╯[0m

[31m[builtin:vite-transform] Error:[0m Invalid characters after number
     [38;5;246m╭[0m[38;5;246m─[0m[38;5;246m[[0m src/pages/Home.jsx:254:36 [38;5;246m][0m
     [38;5;246m│[0m
 [38;5;246m254 │[0m [38;5;249m [0m[38;5;249m [0m[38;5;249m [0m[38;5;249m [0m[38;5;249m [0m[38;5;249m [0m[38;5;249m [0m[38;5;249m [0m[38;5;249m [0m[38;5;249m [0m[38;5;249m [0m[38;5;249m [0m[38;5;249m [0m[38;5;249m [0m[38;5;249m [0m[38;5;249m [0m[38;5;249m [0m[38;5;249m [0m[38;5;249mb[0m[38;5;249mo[0m[38;5;249mx[0m[38;5;249mS[0m[38;5;249mh[0m[38;5;249ma[0m[38;5;249md[0m[38;5;249mo[0m[38;5;249mw[0m[38;5;249m:[0m[38;5;249m [0m[38;5;249m\[0m[38;5;249m`[0m[38;5;249m0[0m[38;5;249m [0m[38;5;249m1[0m[38;5;249m2[0mpx[38;5;249m [0m[38;5;249m3[0m[38;5;249m0[0m[38;5;249mp[0m[38;5;249mx[0m[38;5;249m [0m[38;5;249m\[0m[38;5;249m$[0m[38;5;249m{[0m[38;5;249mc[0m[38;5;249m.[0m[38;5;249mc[0m[38;5;249mo[0m[38;5;249ml[0m[38;5;249mo[0m[38;5;249mr[0m[38;5;249m}[0m[38;5;249m3[0m[38;5;249m3[0m[38;5;249m\[0m[38;5;249m`[0m[38;5;249m,[0m
 [38;5;240m    │[0m                                    ─┬  
 [38;5;240m    │[0m                                     ╰── 
[38;5;246m─────╯[0m
[31m
    at aggregateBindingErrorsIntoJsError (file:///E:/tt%20project/lost-found-frontend/node_modules/rolldown/dist/shared/error-D8cGyrC7.mjs:48:18)
    at unwrapBindingResult (file:///E:/tt%20project/lost-found-frontend/node_modules/rolldown/dist/shared/error-D8cGyrC7.mjs:18:128)
    at #build (file:///E:/tt%20project/lost-found-frontend/node_modules/rolldown/dist/shared/rolldown-build-CL9PyQ2E.mjs:3313:34)
    at async buildEnvironment (file:///E:/tt%20project/lost-found-frontend/node_modules/vite/dist/node/chunks/node.js:32829:64)
    at async Object.build (file:///E:/tt%20project/lost-found-frontend/node_modules/vite/dist/node/chunks/node.js:33251:19)
    at async Object.buildApp (file:///E:/tt%20project/lost-found-frontend/node_modules/vite/dist/node/chunks/node.js:33248:153)
    at async CAC.<anonymous> (file:///E:/tt%20project/lost-found-frontend/node_modules/vite/dist/node/cli.js:778:3) {
  errors: [Getter/Setter]
}[39m
